
> pi_frontend@1.0.0 start /root/pi/frontend
> webpack-dev-server --mode development --public mobfeed.ru:8080 --host 0.0.0.0

[34mℹ[39m [90m｢wds｣[39m: Project is running at [1m[34mhttp://mobfeed.ru:8080/[39m[22m
[34mℹ[39m [90m｢wds｣[39m: webpack output is served from [1m[34m/[39m[22m
[34mℹ[39m [90m｢wds｣[39m: 404s will fallback to [1m[34m/index.html[39m[22m
[34mℹ[39m [90m｢wdm｣[39m: Hash: [1md2d520b4c8fe51c2ca8c[39m[22m
Version: webpack [1m4.27.1[39m[22m
Time: [1m5962[39m[22mms
Built at: 2019-01-22 [1m02:44:58[39m[22m
       [1mAsset[39m[22m       [1mSize[39m[22m  [1mChunks[39m[22m  [1m[39m[22m           [1m[39m[22m[1mChunk Names[39m[22m
[1m[32m./index.html[39m[22m  520 bytes        [1m[39m[22m  [1m[32m[emitted][39m[22m  
     [1m[32mmain.js[39m[22m    1.8 MiB    [1mmain[39m[22m  [1m[32m[emitted][39m[22m  main
Entrypoint [1mmain[39m[22m = [1m[32mmain.js[39m[22m
[0] [1mmulti (webpack)-dev-server/client?http://mobfeed.ru:8080 ./src[39m[22m 40 bytes {[1m[33mmain[39m[22m}[1m[32m [built][39m[22m
[[1m./node_modules/loglevel/lib/loglevel.js[39m[22m] 7.68 KiB {[1m[33mmain[39m[22m}[1m[32m [built][39m[22m
[[1m./node_modules/react-dom/index.js[39m[22m] 1.33 KiB {[1m[33mmain[39m[22m}[1m[32m [built][39m[22m
[[1m./node_modules/react-router-dom/es/index.js[39m[22m] 1010 bytes {[1m[33mmain[39m[22m}[1m[32m [built][39m[22m
[[1m./node_modules/react/index.js[39m[22m] 190 bytes {[1m[33mmain[39m[22m}[1m[32m [built][39m[22m
[[1m./node_modules/url/url.js[39m[22m] 22.8 KiB {[1m[33mmain[39m[22m}[1m[32m [built][39m[22m
[./node_modules/webpack-dev-server/client/index.js?http://mobfeed.ru:8080] [1m(webpack)-dev-server/client?http://mobfeed.ru:8080[39m[22m 7.78 KiB {[1m[33mmain[39m[22m}[1m[32m [built][39m[22m
[./node_modules/webpack-dev-server/client/overlay.js] [1m(webpack)-dev-server/client/overlay.js[39m[22m 3.58 KiB {[1m[33mmain[39m[22m}[1m[32m [built][39m[22m
[./node_modules/webpack-dev-server/client/socket.js] [1m(webpack)-dev-server/client/socket.js[39m[22m 1.05 KiB {[1m[33mmain[39m[22m}[1m[32m [built][39m[22m
[./node_modules/webpack-dev-server/node_modules/strip-ansi/index.js] [1m(webpack)-dev-server/node_modules/strip-ansi/index.js[39m[22m 161 bytes {[1m[33mmain[39m[22m}[1m[32m [built][39m[22m
[./node_modules/webpack/hot sync ^\.\/log$] [1m(webpack)/hot sync nonrecursive ^\.\/log$[39m[22m 170 bytes {[1m[33mmain[39m[22m}[1m[32m [built][39m[22m
[./node_modules/webpack/hot/emitter.js] [1m(webpack)/hot/emitter.js[39m[22m 75 bytes {[1m[33mmain[39m[22m}[1m[32m [built][39m[22m
[[1m./src/css/styles.scss[39m[22m] 1.21 KiB {[1m[33mmain[39m[22m}[1m[32m [built][39m[22m
[[1m./src/index.js[39m[22m] 5.57 KiB {[1m[33mmain[39m[22m}[1m[32m [built][39m[22m
[[1m./src/js/apiUrl.js[39m[22m] 50 bytes {[1m[33mmain[39m[22m}[1m[32m [built][39m[22m
    + 98 hidden modules
Child [1mhtml-webpack-plugin for "index.html"[39m[22m:
     1 asset
    Entrypoint [1mundefined[39m[22m = [1m[32m./index.html[39m[22m
    [[1m./node_modules/html-webpack-plugin/lib/loader.js!./src/index.html[39m[22m] 527 bytes {[1m[33m0[39m[22m}[1m[32m [built][39m[22m
[34mℹ[39m [90m｢wdm｣[39m: Compiled successfully.
